[07Sep2025 00:00:28.448] [Server thread/INFO] [net.minecraft.client.server.IntegratedServer/]: Saving and pausing game...
[07Sep2025 00:00:28.464] [Server thread/INFO] [net.minecraft.server.MinecraftServer/]: Saving chunks for level 'ServerLevel[Pruebas]'/minecraft:overworld
[07Sep2025 00:00:28.469] [Server thread/INFO] [net.minecraft.server.MinecraftServer/]: Saving chunks for level 'ServerLevel[Pruebas]'/minecraft:the_end
[07Sep2025 00:00:28.471] [Server thread/INFO] [net.minecraft.server.MinecraftServer/]: Saving chunks for level 'ServerLevel[Pruebas]'/minecraft:the_nether
[07Sep2025 00:00:28.874] [Render thread/INFO] [mezz.jei.forge.startup.StartEventObserver/]: JEI StartEventObserver received class net.minecraftforge.client.event.ClientPlayerNetworkEvent$LoggingOut
[07Sep2025 00:00:28.875] [Render thread/INFO] [mezz.jei.forge.startup.StartEventObserver/]: JEI StartEventObserver transitioning state from JEI_STARTED to DISABLED
[07Sep2025 00:00:28.875] [Render thread/INFO] [mezz.jei.library.startup.JeiStarter/]: Stopping JEI
[07Sep2025 00:00:28.875] [Render thread/INFO] [mezz.jei.library.load.PluginCaller/]: Sending Runtime Unavailable...
[07Sep2025 00:00:28.876] [Render thread/INFO] [mezz.jei.forge.plugins.forge.ForgeGuiPlugin/]: Stopping JEI GUI
[07Sep2025 00:00:28.876] [Render thread/INFO] [mezz.jei.library.load.PluginCaller/]: Sending Runtime Unavailable took 1.378 ms
[07Sep2025 00:00:28.900] [Server thread/INFO] [net.minecraft.server.network.ServerGamePacketListenerImpl/]: Dev lost connection: Desconectado/a
[07Sep2025 00:00:28.900] [Server thread/INFO] [net.minecraft.server.MinecraftServer/]: Dev abandonó la partida
[07Sep2025 00:00:28.907] [Server thread/INFO] [net.minecraft.server.network.ServerGamePacketListenerImpl/]: Stopping singleplayer server as player logged out
[07Sep2025 00:00:28.947] [Server thread/INFO] [net.minecraft.server.MinecraftServer/]: Stopping server
[07Sep2025 00:00:28.947] [Server thread/INFO] [net.minecraft.server.MinecraftServer/]: Saving players
[07Sep2025 00:00:28.947] [Server thread/INFO] [net.minecraft.server.MinecraftServer/]: Saving worlds
[07Sep2025 00:00:29.167] [Server thread/INFO] [net.minecraft.server.MinecraftServer/]: Saving chunks for level 'ServerLevel[Pruebas]'/minecraft:overworld
[07Sep2025 00:00:29.227] [Server thread/INFO] [net.minecraft.server.MinecraftServer/]: Saving chunks for level 'ServerLevel[Pruebas]'/minecraft:the_end
[07Sep2025 00:00:29.227] [Server thread/INFO] [net.minecraft.server.MinecraftServer/]: Saving chunks for level 'ServerLevel[Pruebas]'/minecraft:the_nether
[07Sep2025 00:00:29.244] [Server thread/INFO] [net.minecraft.server.MinecraftServer/]: ThreadedAnvilChunkStorage (Pruebas): All chunks are saved
[07Sep2025 00:00:29.244] [Server thread/INFO] [net.minecraft.server.MinecraftServer/]: ThreadedAnvilChunkStorage (DIM1): All chunks are saved
[07Sep2025 00:00:29.244] [Server thread/INFO] [net.minecraft.server.MinecraftServer/]: ThreadedAnvilChunkStorage (DIM-1): All chunks are saved
[07Sep2025 00:00:29.244] [Server thread/INFO] [net.minecraft.server.MinecraftServer/]: ThreadedAnvilChunkStorage: All dimensions are saved
[07Sep2025 00:00:30.909] [Render thread/INFO] [net.minecraft.client.Minecraft/]: Stopping!
